TN:
SF:src/presentation/controllers/signup.ts
FN:10,(anonymous_0)
FN:15,(anonymous_1)
FNF:2
FNH:2
FNDA:9,(anonymous_0)
FNDA:9,(anonymous_1)
DA:1,1
DA:3,1
DA:6,1
DA:11,9
DA:12,9
DA:16,9
DA:17,9
DA:18,9
DA:19,30
DA:20,4
DA:23,5
DA:24,5
DA:25,1
DA:27,4
DA:28,3
DA:29,1
DA:31,2
DA:37,1
LF:18
LH:18
BRDA:19,0,0,4
BRDA:24,1,0,1
BRDA:28,2,0,1
BRF:3
BRH:3
end_of_record
TN:
SF:src/presentation/errors/index.ts
FNF:0
FNH:0
DA:1,1
DA:2,1
DA:3,1
LF:3
LH:3
BRF:0
BRH:0
end_of_record
TN:
SF:src/presentation/protocols/index.ts
FNF:0
FNH:0
DA:1,0
DA:2,0
DA:3,0
LF:3
LH:0
BRF:0
BRH:0
end_of_record
